SNOPT 7.5-1.2 : major_iterations=10000
SNOPT 7.5-1.2 : Optimal solution found.
1582 iterations, objective 650871.2578
Nonlin evals: constrs = 1455, Jac = 1454.
TC = 1121820

OPEX = 650871

CAPEX = 470948

Area_Vent = 44826.8

DTminVent = 1

Qheating [*] :=
1  10636.6
2  10426.3
3   1130.95
4   1287.85
5      0
6  23925.6
;

Heat_Vent [*] :=
1  2270.55
2  2216.79
3  1030.61
4   851.029
5     0.131543
6  2762.41
;

E [*] :=
1  2548.08
2  2497.71
3   270.927
4   308.515
5     0
6  5731.57
;

MassEPFL [*] :=
1  303.903
2  297.896
3   32.3127
4   36.7958
5    4.35555e-15
6  683.589
;

Text [*] :=
1   0.15
2   0.62
3  10.99
4  12.56
5  16
6  -9
;

Text_new [*] :=
1  20
2  20
3  20
4  20
5  16.0011
6  15.15
;

Trelease [*] :=
1   3.73913
2   4.14783
3  13.1652
4  14.5304
5  20.999
6   0
;

