SNOPT 7.5-1.2 : major_iterations=10000
SNOPT 7.5-1.2 : Optimal solution found.
82 iterations, objective 795992.835
Nonlin evals: constrs = 26395, Jac = 26394.
TC = 808392

OPEX = 795993

CAPEX = 12399

Area_Vent = 104.445

DTminVent = 4.99885

Qheating [*] :=
1  12907
2  12643
3   1307.03
4   1880.72
5      0
6  26687.9
;

Heat_Vent [*] :=
1   0.131543
2   0.131543
3   0.131543
4  21.5772
5   0.131543
6   0.131543
;

E [*] :=
1  3091.98
2  3028.73
3   313.108
4   450.541
5     0
6  6393.29
;

MassEPFL [*] :=
1  368.772
2  361.229
3   37.3436
4   53.7349
5    0
6  762.511
;

Text [*] :=
1   0.15
2   0.62
3  10.99
4  12.56
5  16
6  -9
;

Text_new [*] :=
1   0.15115
2   0.62115
3  10.9911
4  12.7486
5  16.0011
6  -8.99885
;

Trelease [*] :=
1  20.999
2  20.999
3  20.999
4  20.836
5  20.999
6  20.999
;

