SNOPT 7.5-1.2 : major_iterations=10000
SNOPT 7.5-1.2 : Optimal solution found.
57 iterations, objective 0.0002941030142
Nonlin evals: constrs = 129, Jac = 128.
c_factor1 [*] :=
 1  0.390775
 2  0.39807
 3  0.410624
 4  0.476594
 5  0.001
 6  0.001
 7  0.001
 8  0.001
 9  0.55176
10  0.505498
11  0.432792
12  0.366478
;

c_factor2 [*] :=
 1  0.397008
 2  0.403054
 3  0.418306
 4  0.466837
 5  0.001
 6  0.001
 7  0.001
 8  0.001
 9  0.554192
10  0.505709
11  0.427551
12  0.359936
;

T_ext [*] :=
 1   4.6
 2   5
 3   6
 4   9.1
 5  16.1
 6  18.6
 7  20.1
 8  19.6
 9  14.4
10  11.5
11   6.6
12   2.1
;

Q_cond [*] :=
 1  6000
 2  6000
 3  5648.18
 4  3897.26
 9   904.531
10  2542.11
11  5309.21
12  6000
;

a = 9.84073e-05

b = 0.039561

c = 3.7957

mse = 0.000294103

comp_cost = 3470090

Evap_cost = 367293

Evap_area = 1283.05

DTlnEvap = 5.77078

ampl: reset;
ampl: cd 'C:\Users\Marie Jones\Documents\GitHub\epfl-energy-systems\Project4_Fluid\Student_version';cd 'C:\Users\Marie Jones\Documents\GitHub\epfl-energy-systems\Project4_Fluid\Student_version' ;
ampl: cd 'C:\Users\Marie Jones\Documents\GitHub\epfl-energy-systems\Project4_Fluid';cd 'C:\Users\Marie Jones\Documents\GitHub\epfl-energy-systems\Project4_Fluid' ;
ampl: cd 'C:\Users\Marie Jones\Documents\GitHub\epfl-energy-systems';cd 'C:\Users\Marie Jones\Documents\GitHub\epfl-energy-systems' ;
ampl: cd 'C:\Users\Marie Jones\Documents\GitHub\epfl-energy-systems\Project5_Integration';cd 'C:\Users\Marie Jones\Documents\GitHub\epfl-energy-systems\Project5_Integration' ;
ampl: include scenario.run
