SNOPT 7.5-1.2 : major_iterations=10000
SNOPT 7.5-1.2 : Optimal solution found.
76 iterations, objective 0.002197931579
Nonlin evals: constrs = 195, Jac = 194.
c_factor1 [*] :=
 1  0.297777
 2  0.316185
 3  0.358606
 4  0.504863
 5  0.001
 6  0.001
 7  0.001
 8  0.001
 9  1.04642
10  0.709387
11  0.397625
12  0.216481
;

c_factor2 [*] :=
 1  0.292019
 2  0.306325
 3  0.348002
 4  0.530885
 5  0.001
 6  0.001
 7  0.001
 8  0.001
 9  1.0316
10  0.728225
11  0.377063
12  0.233231
;

T_ext [*] :=
 1   4.6
 2   5
 3   6
 4   9.1
 5  16.1
 6  18.6
 7  20.1
 8  19.6
 9  14.4
10  11.5
11   6.6
12   2.1
;

Q_cond [*] :=
 1  6000
 2  6000
 3  5648.18
 4  3897.26
 9   904.531
10  2542.11
11  5309.21
12  6000
;

a = 0.0042237

b = 2.31092

c = 316.319

mse = 0.00219793

comp_cost = 3595860

Cond_cost = 230468

Cond_area = 781.407

DTlnCond = 11.9602

TlnCond = 306.45

T_medium_in = 36.9263

