ampl: include HP_opt.run
SNOPT 7.5-1.2 : Optimal solution found.
19 iterations, objective 1948.984064
Nonlin evals: constrs = 10, Jac = 9.
T_sep = 52.1919

f_HP [*] :=
1  0.2836
2  0.290706
3  0.75184
4  0.872411
5  1.18325
6  0.383599
;

f_LP [*] :=
1  0.429295
2  0.432404
3  0.619524
4  0.667618
5  0.791166
6  0.461567
;

E_HP [*] :=
1  133.617
2  130.351
3   50.4013
4   43.4356
5   32.025
6   98.7848
;

E_LP [*] :=
1  289.772
2  288.773
3  220.082
4  205.726
5  175.67
6  280.347
;

FlowInUnit = 1948.98

Q_evap [*] :=
1  576.611
2  580.876
3  729.517
4  750.839
5  792.305
6  620.868
;