SNOPT 7.5-1.2 : major_iterations=10000
ignoring integrality of 75 variables
SNOPT 7.5-1.2 : Optimal solution found.
2318 iterations, objective 13549993.77
Nonlin evals: constrs = 456, Jac = 455.
Edemand [*] :=
1  12237.1
2  12237.1
3  12237.1
4  12237.1
5   2646.4
;

Qheating [*,*]
:         1           2           3            4           6        :=
AA     2851.88    2780.58     1207.35      969.169      4509.7
AI     3190.73    3131.68        0         523.128      6211.33
BC     1539.72    1512.53        0         273.703      2923.34
BI      272.84     267.091       0          31.3329      557.679
BM     2177.61    2134.01        0         408.809      4121.38
BP      746.685    733.003       0         147.305      1382.93
BS     1627.08    1601.22      156.512     505.349      2610.27
CE     3060.17    2985.82     1250.99     1049.72       4813.94
CH     2907.18    2853.8         0         258.291      6117.18
CM      975.389    955.272       0         125.033      1956.61
CO      531.966    521.782       0          25.6128     1154.86
CRPP    721.778    708.05        0           0          1681.39
DIA     125.378    123.587      11.9562     41.8779      193.488
EL     1173.45    1157.52        0         121.965      2379.52
GC     2051.53    2014.48        0         391.211      3832.08
GR      411.598    398.643      56.0567     41.0322      868.129
IN     1562.2     1530.73        0         251.163      3029.32
MA     1467.12    1427.46        0           0          4110.62
ME      512.056    491.531       0           0          1818.67
MX     1671.82    1651.78        0          36.5923     3697.55
ODY     515.963    506.154     127.119     175.297       799.736
PH     1761.33    1740.58        0           0          4431.79
PO       44.29      43.3786      0           0.499354    100.782
TCV     110.546    102.196       0           0           869.385
;

Qheatingdemand :=
LowT    1   19103.2
LowT    2   18729.7
LowT    3    1502.94
LowT    4    3480.47
LowT    6   37483.7
MediumT 1   12907.1
MediumT 2   12643.1
MediumT 3    1307.05
MediumT 4    1896.62
MediumT 6   26688
;

Qheatingsupply [*] :=
    Boiler    500
     Cogen   2800.11
Geothermal  10000
HP1stageLT   1000
HP1stageMT   1000
  HP2stage   1000
      SOFC     30
;

mult [*] :=
       Cogen   18.9749
 ElecGridBuy    8.55809
ElecGridSell   35.1974
  HP1stageLT   10
    HP2stage    1.03979
  NatGasGrid  104.344
          PV   16.7195
;

mult_t [*,*]
:                   1              2              3              4          :=
Cogen           7.48917        7.26153        1.00353        1.92032
ElecGridBuy     9.65999e-06    8.95765e-06    8.55809        8.03228
ElecGridSell    0.43903        0              0              0
Geothermal      0             -1.60037e-32   -1.02981e-32    0
HP1stageLT     10             10              0              0
HP1stageMT      0              0              0             -1.20788e-28
HP2stage        1.03979        1.03979        3.63882e-21    0
NatGasGrid     41.1833        39.9314         5.51844       10.5599
PV              2.7728         2.35895       16.7195         3.64188

:                   5               6          :=
Cogen          -2.5778e-16     18.9749
ElecGridBuy     2.24497         0
ElecGridSell   -3.52302e-18    35.1974
Geothermal      0              -2.34207e-16
HP1stageLT      1.2329e-29     10
HP1stageMT      4.83153e-28     0
HP2stage        0               1.03979
NatGasGrid      0             104.344
PV              4.01435         0
;

Flowin :=
Biogas      SOFC            109.729
Electricity ElecGridSell   1000
Electricity HP2stage        490.323
Natgas      Boiler          555.556
Natgas      Cogen          5499.04
;

Flowout :=
Electricity Cogen         2000
Electricity ElecGridBuy   1000
Electricity Geothermal    4800
Electricity PV             100
Electricity SOFC            58
Natgas      NatGasGrid    1000
;

FlowInUnit :=
Electricity ElecGridSell 1      439.03
Electricity ElecGridSell 6    35197.4
Electricity HP1stageLT   1     2069.68
Electricity HP1stageLT   2     2012.03
Electricity HP1stageLT   5        6.90998e-26
Electricity HP1stageLT   6     2242.62
Electricity HP1stageMT   4       -5.4142e-26
Electricity HP2stage     1      509.831
Electricity HP2stage     2      509.831
Electricity HP2stage     3       -1.66987e-24
Electricity HP2stage     4        1.03845e-25
Electricity HP2stage     5       -1.44096e-24
Electricity HP2stage     6      509.831
Natgas      Boiler       6       -2.13481e-25
Natgas      Cogen        1    41183.3
Natgas      Cogen        2    39931.4
Natgas      Cogen        3     5518.44
Natgas      Cogen        4    10559.9
Natgas      Cogen        6   104344
;

FlowOutUnit [Biogas,*,*]
 [Electricity,*,*]
:                     1                 2                3           :=
Cogen          14978.3           14523.1           2007.06
ElecGridBuy        0.00965999        0.00895765    8558.09
Geothermal        -4.17929e-13      -4.17929e-13     -4.17929e-13
PV               277.28            235.895         1671.95

:                    4                5                6           :=
Cogen          3840.63            -5.1556e-13   37949.9
ElecGridBuy    8032.28          2244.97             0
Geothermal       -4.17929e-13      0               -4.17929e-13
PV              364.188          401.435            0

 [Natgas,*,*]
:                 1         2         3         4        6       :=
NatGasGrid     41183.3   39931.4   5518.44   10559.9   104344
;

set Buildings :=
GC     GR     CH     CO     TCV    ME     PO     BM
CE     CM     PH     BP     IN     AA     CRPP   DIA
MA     BI     BC     BS     ODY    EL     MX     AI;

InvCost = 1432710

OpCost = 12117300

use [*] :=
       Cogen  0.084333
 ElecGridBuy  0.00855809
ElecGridSell  0.0351974
  HP1stageLT  1
    HP2stage  0.0207957
  NatGasGrid  0.104344
          PV  0.0167195
;

Tlmc_HP1stageMT [*] :=
1  279.497
2  280.497
3  282.497
4  284.497
5  285.497
6  276.497
;

CO2 = 18027700

heat_recovery :=
DC      1    367.469
DC      2    367.429
DC      3    346.928
DC      4    354.823
DC      5    319.658
DC      6    368.451
Vent    1    453.258
Vent    2    438.762
Vent    3     12.0621
Vent    4     82.3221
Vent    5    108.695
Vent    6    624.879
Vent_HP 1   1397.96
Vent_HP 2   1369.2
Vent_HP 3    734.739
Vent_HP 4    638.682
Vent_HP 5    428.859
Vent_HP 6   1957.77
;

use_recovery [*] :=
   Vent  -5.9047e-15
;

mult_t [*,*]
:                   1              2              3              4          :=
Cogen           7.48917        7.26153        1.00353        1.92032
ElecGridBuy     9.65999e-06    8.95765e-06    8.55809        8.03228
ElecGridSell    0.43903        0              0              0
Geothermal      0             -1.60037e-32   -1.02981e-32    0
HP1stageLT     10             10              0              0
HP1stageMT      0              0              0             -1.20788e-28
HP2stage        1.03979        1.03979        3.63882e-21    0
NatGasGrid     41.1833        39.9314         5.51844       10.5599
PV              2.7728         2.35895       16.7195         3.64188

:                   5               6          :=
Cogen          -2.5778e-16     18.9749
ElecGridBuy     2.24497         0
ElecGridSell   -3.52302e-18    35.1974
Geothermal      0              -2.34207e-16
HP1stageLT      1.2329e-29     10
HP1stageMT      4.83153e-28     0
HP2stage        0               1.03979
NatGasGrid      0             104.344
PV              4.01435         0
;

