SNOPT 7.5-1.2 : major_iterations=10000
ignoring integrality of 75 variables
SNOPT 7.5-1.2 : Error in basis package.
293 iterations
Nonlin evals: constrs = 2, Jac = 1.
SNOPT 7.5-1.2 : major_iterations=10000
ignoring integrality of 75 variables
SNOPT 7.5-1.2 : The current point cannot be improved.
2957 iterations, objective 2859980.097
Nonlin evals: constrs = 230, Jac = 229.
SNOPT 7.5-1.2 : major_iterations=10000
ignoring integrality of 75 variables
SNOPT 7.5-1.2 : The current point cannot be improved.
1471 iterations, objective 2515940.742
Nonlin evals: constrs = 6519, Jac = 6518.
SNOPT 7.5-1.2 : major_iterations=10000
ignoring integrality of 75 variables
SNOPT 7.5-1.2 : Optimal solution found.
379 iterations, objective 2815316.567
Nonlin evals: constrs = 94, Jac = 93.
SNOPT 7.5-1.2 : major_iterations=10000
ignoring integrality of 75 variables
SNOPT 7.5-1.2 : Optimal solution found.
341 iterations, objective 3114692.42
Nonlin evals: constrs = 68, Jac = 67.
SNOPT 7.5-1.2 : major_iterations=10000
ignoring integrality of 75 variables
SNOPT 7.5-1.2 : Optimal solution found.
341 iterations, objective 3414068.274
Nonlin evals: constrs = 62, Jac = 61.
SNOPT 7.5-1.2 : major_iterations=10000
ignoring integrality of 75 variables
SNOPT 7.5-1.2 : The current point cannot be improved.
347 iterations, objective 3713444.143
Nonlin evals: constrs = 85, Jac = 84.
SNOPT 7.5-1.2 : major_iterations=10000
ignoring integrality of 75 variables
SNOPT 7.5-1.2 : Optimal solution found.
345 iterations, objective 4012819.98
Nonlin evals: constrs = 43, Jac = 42.
SNOPT 7.5-1.2 : major_iterations=10000
ignoring integrality of 75 variables
SNOPT 7.5-1.2 : Optimal solution found.
330 iterations, objective 4312195.833
Nonlin evals: constrs = 2, Jac = 1.
SNOPT 7.5-1.2 : major_iterations=10000
ignoring integrality of 75 variables
SNOPT 7.5-1.2 : Optimal solution found.
324 iterations, objective 4611571.686
Nonlin evals: constrs = 2, Jac = 1.
SNOPT 7.5-1.2 : major_iterations=10000
ignoring integrality of 75 variables
SNOPT 7.5-1.2 : Optimal solution found.
201 iterations, objective 4725158.522
Nonlin evals: constrs = 5, Jac = 4.
CO2_multi [*] :=
                  0  2268560
                0.1  4910950
                0.2  4910950
0.30000000000000004  4910950
                0.4  4910950
                0.5  4910950
 0.6000000000000001  4910950
 0.7000000000000001  4910950
                0.8  4910950
                0.9  4910950
                  1  4725160
;

TIC_multi [*] :=
                  0        0.0114699
                0.1  2632090
                0.2  1917190
0.30000000000000004  1917190
                0.4  1917190
                0.5  1917190
 0.6000000000000001  1917190
 0.7000000000000001  1917190
                0.8  1917190
                0.9  1917190
                  1  1917190
;

TC_multi [*] :=
                0.1  17298900
                0.2  17298900
0.30000000000000004  17298900
                0.4  17298900
                0.5  17298900
 0.6000000000000001  17298900
 0.7000000000000001  17298900
                0.8  17298900
                0.9  17298900
                  1  17022100
;

