<<<<<<< HEAD
SNOPT 7.5-1.2 : major_iterations=10000
ignoring integrality of 75 variables
SNOPT 7.5-1.2 : Nonlinear infeasibilities minimized.
280 iterations, objective 4711818.675
Nonlin evals: constrs = 5, Jac = 4.
Edemand [*] :=
1  12237.1
2  12237.1
3  12237.1
4  12237.1
5   2646.4
;

Qheating [*,*]
:         1           2           3            4           6        :=
AA     2851.88    2780.58     1207.35      969.169      4509.7
AI     3190.73    3131.68        0         523.128      6211.33
BC     1539.72    1512.53        0         273.703      2923.34
BI      272.84     267.091       0          31.3329      557.679
BM     2177.61    2134.01        0         408.809      4121.38
BP      746.685    733.003       0         147.305      1382.93
BS     1627.08    1601.22      156.512     505.349      2610.27
CE     3060.17    2985.82     1250.99     1049.72       4813.94
CH     2907.18    2853.8         0         258.291      6117.18
CM      975.389    955.272       0         125.033      1956.61
CO      531.966    521.782       0          25.6128     1154.86
CRPP    721.778    708.05        0           0          1681.39
DIA     125.378    123.587      11.9562     41.8779      193.488
EL     1173.45    1157.52        0         121.965      2379.52
GC     2051.53    2014.48        0         391.211      3832.08
GR      411.598    398.643      56.0567     41.0322      868.129
IN     1562.2     1530.73        0         251.163      3029.32
MA     1467.12    1427.46        0           0          4110.62
ME      512.056    491.531       0           0          1818.67
MX     1671.82    1651.78        0          36.5923     3697.55
ODY     515.963    506.154     127.119     175.297       799.736
PH     1761.33    1740.58        0           0          4431.79
PO       44.29      43.3786      0           0.499354    100.782
TCV     110.546    102.196       0           0           869.385
;

Qheatingdemand :=
LowT    1   19103.2
LowT    2   18729.7
LowT    3    1502.94
LowT    4    3480.47
LowT    6   37483.7
MediumT 1   12907.1
MediumT 2   12643.1
MediumT 3    1307.05
MediumT 4    1896.62
MediumT 6   26688
;

Qheatingsupply [*] :=
    Boiler    500
     Cogen   2800.11
Geothermal  10000
HP1stageLT   1000
HP1stageMT   1000
  HP2stage   1000
      SOFC     30
;

mult [*] :=
       Cogen   19.3463
 ElecGridBuy   19.101
ElecGridSell   45.8351
  Geothermal    1
  HP1stageLT   10
  HP1stageMT   10
    HP2stage   44.1717
  NatGasGrid  106.386
          PV   16.7195
;

mult_t [*,*]
:                   1              2              3              4          :=
Boiler          9.73221e-32    0              0              0
Cogen          -3.81018e-12   -3.69993e-12   -3.45739e-29   -9.30867e-13
ElecGridBuy    12.8991        12.5148         9.21635        9.29191
ElecGridSell   -8.19755e-13   -6.0722e-13     0              0
Geothermal      1              1              0.280999       0.537709
HP1stageLT     10             10             -1.36228e-12    0
HP1stageMT     10             10              0              0
HP2stage        2.0103         1.37287       -5.25659e-41   -3.03647e-27
NatGasGrid     -2.09497e-11   -2.03486e-11    0             -5.11914e-12
PV              2.7728         2.35895       16.7195         3.64188

:                   5             6          :=
Boiler         0             -1.07059e-15
Cogen          5.57807e-30   -9.37893e-12
ElecGridBuy    2.24497       19.101
ElecGridSell   0             -1.76761e-11
Geothermal     7.07989e-28    1
HP1stageLT     0             10
HP2stage       0             44.1717
NatGasGrid     0             -5.15724e-11
PV             4.01435        0
;

Flowin :=
Biogas      SOFC            109.729
Electricity ElecGridSell   1000
Electricity HP2stage        490.323
Natgas      Boiler          555.556
Natgas      Cogen          5499.04
;

Flowout :=
Electricity Cogen         2000
Electricity ElecGridBuy   1000
Electricity Geothermal    4800
Electricity PV             100
Electricity SOFC            58
Natgas      NatGasGrid    1000
;

FlowInUnit :=
Electricity ElecGridSell 1      -8.19662e-10
Electricity ElecGridSell 2      -6.07165e-10
Electricity ElecGridSell 6      -1.76697e-08
Electricity HP1stageLT   1    2069.68
Electricity HP1stageLT   2    2012.03
Electricity HP1stageLT   3      -2.58307e-10
Electricity HP1stageLT   6    2242.62
Electricity HP1stageMT   1    2683.89
Electricity HP1stageMT   2    2628.44
Electricity HP2stage     1     985.695
Electricity HP2stage     2     673.147
Electricity HP2stage     4       5.56277e-14
Electricity HP2stage     6   21658.4
Natgas      Cogen        1      -2.095e-08
Natgas      Cogen        2      -2.03456e-08
Natgas      Cogen        4      -5.11927e-09
Natgas      Cogen        6      -5.15708e-08
;

FlowOutUnit [Biogas,*,*]
 [Electricity,*,*]
:                     1                 2             3            4         :=
Cogen             -7.62058e-09      -7.40038e-09      0        -1.86157e-09
ElecGridBuy    12899.1           12514.8           9216.35   9291.91
Geothermal      4800              4800             1348.8    2581
PV               277.28            235.895         1671.95    364.188

:                    5                6           :=
Cogen             0                -1.8753e-08
ElecGridBuy    2244.97          19101
Geothermal        3.60088e-24    4800
PV              401.435             0

 [Natgas,*,*]
:                   1              2              4             6          :=
NatGasGrid     -2.09513e-08   -2.03434e-08   -5.1175e-09   -5.15706e-08
;

set Buildings :=
GC     GR     CH     CO     TCV    ME     PO     BM
CE     CM     PH     BP     IN     AA     CRPP   DIA
MA     BI     BC     BS     ODY    EL     MX     AI;

InvCost = 10327400

OpCost = 10129400

use [*] :=
       Cogen  0.0859834
 ElecGridBuy  0.019101
ElecGridSell  0.0458351
  Geothermal  1
  HP1stageLT  1
  HP1stageMT  1
    HP2stage  0.883434
  NatGasGrid  0.106386
          PV  0.0167195
;

Tlmc_HP1stageMT [*] :=
1  279.497
2  280.497
3  282.497
4  284.497
5  285.497
6  276.497
;

CO2 = 4711820

heat_recovery :=
DC      1      7.6238
DC      2      7.62375
DC      3      7.60068
DC      4      0.541893
DC      5    373.767
DC      6      7.62515
Vent    1     51.8282
Vent    2      5.49237
Vent    3      2.78602
Vent    4     58.2226
Vent    5    116.11
Vent    6     22.961
Vent_HP 1   1397.96
Vent_HP 2   1369.2
Vent_HP 3    758.439
Vent_HP 4    639.483
Vent_HP 5    428.859
Vent_HP 6   1957.77
;

use_recovery [*] :=
;

mult_t [*,*]
:                   1              2              3              4          :=
Boiler          9.73221e-32    0              0              0
Cogen          -3.81018e-12   -3.69993e-12   -3.45739e-29   -9.30867e-13
ElecGridBuy    12.8991        12.5148         9.21635        9.29191
ElecGridSell   -8.19755e-13   -6.0722e-13     0              0
Geothermal      1              1              0.280999       0.537709
HP1stageLT     10             10             -1.36228e-12    0
HP1stageMT     10             10              0              0
HP2stage        2.0103         1.37287       -5.25659e-41   -3.03647e-27
NatGasGrid     -2.09497e-11   -2.03486e-11    0             -5.11914e-12
PV              2.7728         2.35895       16.7195         3.64188

:                   5             6          :=
Boiler         0             -1.07059e-15
Cogen          5.57807e-30   -9.37893e-12
ElecGridBuy    2.24497       19.101
ElecGridSell   0             -1.76761e-11
Geothermal     7.07989e-28    1
HP1stageLT     0             10
HP2stage       0             44.1717
NatGasGrid     0             -5.15724e-11
PV             4.01435        0
;

ampl: reset;
ampl: 
=======
SNOPT 7.5-1.2 : major_iterations=10000
ignoring integrality of 75 variables
SNOPT 7.5-1.2 : Nonlinear infeasibilities minimized.
288 iterations, objective 4711818.675
Nonlin evals: constrs = 5, Jac = 4.
Edemand [*] :=
1  12237.1
2  12237.1
3  12237.1
4  12237.1
5   2646.4
;

Qheating [*,*]
:         1           2           3            4           6        :=
AA     2851.88    2780.58     1207.35      969.169      4509.7
AI     3190.73    3131.68        0         523.128      6211.33
BC     1539.72    1512.53        0         273.703      2923.34
BI      272.84     267.091       0          31.3329      557.679
BM     2177.61    2134.01        0         408.809      4121.38
BP      746.685    733.003       0         147.305      1382.93
BS     1627.08    1601.22      156.512     505.349      2610.27
CE     3060.17    2985.82     1250.99     1049.72       4813.94
CH     2907.18    2853.8         0         258.291      6117.18
CM      975.389    955.272       0         125.033      1956.61
CO      531.966    521.782       0          25.6128     1154.86
CRPP    721.778    708.05        0           0          1681.39
DIA     125.378    123.587      11.9562     41.8779      193.488
EL     1173.45    1157.52        0         121.965      2379.52
GC     2051.53    2014.48        0         391.211      3832.08
GR      411.598    398.643      56.0567     41.0322      868.129
IN     1562.2     1530.73        0         251.163      3029.32
MA     1467.12    1427.46        0           0          4110.62
ME      512.056    491.531       0           0          1818.67
MX     1671.82    1651.78        0          36.5923     3697.55
ODY     515.963    506.154     127.119     175.297       799.736
PH     1761.33    1740.58        0           0          4431.79
PO       44.29      43.3786      0           0.499354    100.782
TCV     110.546    102.196       0           0           869.385
;

Qheatingdemand :=
LowT    1   19103.2
LowT    2   18729.7
LowT    3    1502.94
LowT    4    3480.47
LowT    6   37483.7
MediumT 1   12907.1
MediumT 2   12643.1
MediumT 3    1307.05
MediumT 4    1896.62
MediumT 6   26688
;

Qheatingsupply [*] :=
    Boiler    500
     Cogen   2800.11
Geothermal  10000
HP1stageLT   1000
HP1stageMT   1000
  HP2stage   1000
      SOFC     30
;

mult [*] :=
       Cogen   18.9749
 ElecGridBuy   19.101
ElecGridSell   45.8351
  Geothermal    1
  HP1stageLT   10
  HP1stageMT   10
    HP2stage   44.1717
  NatGasGrid  126.025
          PV   16.7195
;

mult_t [*,*]
:                   1              2              3              4          :=
Cogen          -3.8166e-12    -3.70082e-12    0             -9.78691e-13
ElecGridBuy    12.8991        12.5148         9.21635        9.29191
ElecGridSell   -2.23738e-13    0              0              0
Geothermal      1              1              0.280999       0.537709
HP1stageLT     10             10             -1.43192e-12    0
HP1stageMT     10             10             -7.69409e-42   -7.69409e-42
HP2stage        2.0103         1.37287        0              0
NatGasGrid     -2.09877e-11   -2.03486e-11    0             -5.38139e-12
PV              2.7728         2.35895       16.7195         3.64188

:                   5             6          :=
Cogen          0             -9.671e-12
ElecGridBuy    2.24497       19.101
ElecGridSell   0             -1.7932e-11
Geothermal     1.17998e-27    1
HP1stageLT     0             10
HP2stage       0             44.1717
NatGasGrid     0             -5.31342e-11
PV             4.01435        0
;

Flowin :=
Biogas      SOFC            109.729
Electricity ElecGridSell   1000
Electricity HP2stage        490.323
Natgas      Boiler          555.556
Natgas      Cogen          5499.04
;

Flowout :=
Electricity Cogen         2000
Electricity ElecGridBuy   1000
Electricity Geothermal    4800
Electricity PV             100
Electricity SOFC            58
Natgas      NatGasGrid    1000
;

FlowInUnit :=
Electricity ElecGridSell 1      -2.23702e-10
Electricity ElecGridSell 6      -1.79379e-08
Electricity HP1stageLT   1    2069.68
Electricity HP1stageLT   2    2012.03
Electricity HP1stageLT   3      -2.71578e-10
Electricity HP1stageLT   6    2242.62
Electricity HP1stageMT   1    2683.89
Electricity HP1stageMT   2    2628.44
Electricity HP2stage     1     985.695
Electricity HP2stage     2     673.147
Electricity HP2stage     4       1.66883e-13
Electricity HP2stage     6   21658.4
Natgas      Boiler       6       2.13481e-25
Natgas      Cogen        1      -2.09856e-08
Natgas      Cogen        2      -2.03456e-08
Natgas      Cogen        4      -5.38064e-09
Natgas      Cogen        6      -5.3176e-08
;

FlowOutUnit [Biogas,*,*]
 [Electricity,*,*]
:                     1                 2             3            4         :=
Cogen             -7.63181e-09      -7.40038e-09      0        -1.95713e-09
ElecGridBuy    12899.1           12514.8           9216.35   9291.91
Geothermal      4800              4800             1348.8    2581
PV               277.28            235.895         1671.95    364.188

:                    5                 6           :=
Cogen             0                -1.93378e-08
ElecGridBuy    2244.97          19101
Geothermal        4.80118e-24    4800
PV              401.435             0

 [Natgas,*,*]
:                   1              2              4              6          :=
NatGasGrid     -2.09888e-08   -2.03513e-08   -5.38117e-09   -5.31683e-08
;

set Buildings :=
GC     GR     CH     CO     TCV    ME     PO     BM
CE     CM     PH     BP     IN     AA     CRPP   DIA
MA     BI     BC     BS     ODY    EL     MX     AI;

InvCost = 10326700

OpCost = 10129400

use [*] :=
       Cogen  0.0843331
 ElecGridBuy  0.019101
ElecGridSell  0.0458351
  Geothermal  1
  HP1stageLT  1
  HP1stageMT  1
    HP2stage  0.883434
  NatGasGrid  0.126025
          PV  0.0167195
;

Tlmc_HP1stageMT [*] :=
1  279.497
2  280.497
3  282.497
4  284.497
5  285.497
6  276.497
;

CO2 = 4711820

heat_recovery :=
DC      1      7.6238
DC      2      7.62375
DC      3      7.60068
DC      4      0.541893
DC      5    373.767
DC      6      7.62515
Vent    1      0.735213
Vent    2      0.71864
Vent    3      0.352973
Vent    4      0.297611
Vent    5      0.17631
Vent    6      1.05786
Vent_HP 1   1397.96
Vent_HP 2   1369.2
Vent_HP 3    757.489
Vent_HP 4    638.682
Vent_HP 5    428.859
Vent_HP 6   1957.77
;

use_recovery [*] :=
;

mult_t [*,*]
:                   1              2              3              4          :=
Cogen          -3.8166e-12    -3.70082e-12    0             -9.78691e-13
ElecGridBuy    12.8991        12.5148         9.21635        9.29191
ElecGridSell   -2.23738e-13    0              0              0
Geothermal      1              1              0.280999       0.537709
HP1stageLT     10             10             -1.43192e-12    0
HP1stageMT     10             10             -7.69409e-42   -7.69409e-42
HP2stage        2.0103         1.37287        0              0
NatGasGrid     -2.09877e-11   -2.03486e-11    0             -5.38139e-12
PV              2.7728         2.35895       16.7195         3.64188

:                   5             6          :=
Cogen          0             -9.671e-12
ElecGridBuy    2.24497       19.101
ElecGridSell   0             -1.7932e-11
Geothermal     1.17998e-27    1
HP1stageLT     0             10
HP2stage       0             44.1717
NatGasGrid     0             -5.31342e-11
PV             4.01435        0
;

>>>>>>> 108c64599ccb197c6c3f668cb71336cd901a683f
