SNOPT 7.5-1.2 : major_iterations=10000
ignoring integrality of 75 variables
SNOPT 7.5-1.2 : Nonlinear infeasibilities minimized.
281 iterations, objective 13586541.36
Nonlin evals: constrs = 5, Jac = 4.
Edemand [*] :=
1  12237.1
2  12237.1
3  12237.1
4  12237.1
5   2646.4
;

Qheating [*,*]
:         1           2           3            4           6        :=
AA     2851.88    2780.58     1207.35      969.169      4509.7
AI     3190.73    3131.68        0         523.128      6211.33
BC     1539.72    1512.53        0         273.703      2923.34
BI      272.84     267.091       0          31.3329      557.679
BM     2177.61    2134.01        0         408.809      4121.38
BP      746.685    733.003       0         147.305      1382.93
BS     1627.08    1601.22      156.512     505.349      2610.27
CE     3060.17    2985.82     1250.99     1049.72       4813.94
CH     2907.18    2853.8         0         258.291      6117.18
CM      975.389    955.272       0         125.033      1956.61
CO      531.966    521.782       0          25.6128     1154.86
CRPP    721.778    708.05        0           0          1681.39
DIA     125.378    123.587      11.9562     41.8779      193.488
EL     1173.45    1157.52        0         121.965      2379.52
GC     2051.53    2014.48        0         391.211      3832.08
GR      411.598    398.643      56.0567     41.0322      868.129
IN     1562.2     1530.73        0         251.163      3029.32
MA     1467.12    1427.46        0           0          4110.62
ME      512.056    491.531       0           0          1818.67
MX     1671.82    1651.78        0          36.5923     3697.55
ODY     515.963    506.154     127.119     175.297       799.736
PH     1761.33    1740.58        0           0          4431.79
PO       44.29      43.3786      0           0.499354    100.782
TCV     110.546    102.196       0           0           869.385
;

Qheatingdemand :=
LowT    1   19103.2
LowT    2   18729.7
LowT    3    1502.94
LowT    4    3480.47
LowT    6   37483.7
MediumT 1   12907.1
MediumT 2   12643.1
MediumT 3    1307.05
MediumT 4    1896.62
MediumT 6   26688
;

Qheatingsupply [*] :=
    Boiler    500
     Cogen   2800.11
Geothermal  10000
HP1stageLT   1000
HP1stageMT   1000
  HP2stage   1000
      SOFC     30
;

mult [*] :=
       Cogen   19.3463
 ElecGridBuy   11.0981
ElecGridSell   45.8351
  Geothermal   -5.95733e-18
  HP1stageLT   10
  NatGasGrid  106.386
          PV   16.7195
;

mult_t [*,*]
:                   1              2              3              4          :=
Cogen           7.86051        7.63287        7.13271e-17    1.92032
ElecGridBuy     0              0             11.0981         8.03228
ElecGridSell    1.69153        1.2525         0              0
Geothermal     -5.95733e-18   -5.95733e-18   -5.95733e-18   -5.95733e-18
HP1stageLT     10             10              2.80999        0
HP2stage        0              0              1.08445e-28    0
NatGasGrid     43.2253        41.9734         0             10.5599
PV              2.7728         2.35895       16.7195         3.64188

:                   5               6          :=
Cogen          -4.5534e-17     19.3463
ElecGridBuy     2.24497         0
ElecGridSell    0              36.4499
Geothermal     -5.95733e-18    -5.95733e-18
HP1stageLT      0              10
NatGasGrid      0             106.386
PV              4.01435         0
;

Flowin :=
Biogas      SOFC            109.729
Electricity ElecGridSell   1000
Electricity HP2stage        490.323
Natgas      Boiler          555.556
Natgas      Cogen          5499.04
;

Flowout :=
Electricity Cogen         2000
Electricity ElecGridBuy   1000
Electricity Geothermal    4800
Electricity PV             100
Electricity SOFC            58
Natgas      NatGasGrid    1000
;

FlowInUnit :=
Electricity ElecGridSell 1     1691.53
Electricity ElecGridSell 2     1252.5
Electricity ElecGridSell 5       -7.96971e-14
Electricity ElecGridSell 6    36449.9
Electricity HP1stageLT   1     2069.68
Electricity HP1stageLT   2     2012.03
Electricity HP1stageLT   3      532.981
Electricit