SNOPT 7.5-1.2 : major_iterations=10000
SNOPT 7.5-1.2 : Optimal solution found.
259 iterations, objective 860912.1695
Nonlin evals: constrs = 32, Jac = 31.
TC = 860912

OPEX = 693655

CAPEX = 167257

Profit = 0

Paybt = 0

Area_Vent = 7966.61

Qheating [*] :=
1  11329
2  11100.6
3   1165.83
4   1429.42
5      0
6  24730.1
;

Heat_Vent [*] :=
1  1577.79
2  1542.22
3   757.489
4   638.682
5   428.859
6  1957.77
;

Trelease [*] :=
1   9.00559
2   9.27597
3  15.2415
4  16.1447
5  17.7398
6   6.11693
;

E [*] :=
1  2713.96
2  2659.23
3   279.283
4   342.429
5     0
6  5924.27
;

E_2 [*] :=
1  0.207107
2  0.207107
3  0.0371087
4  0.0286885
5  0.0259967
6  0.0929282
;

Text [*] :=
1   0.15
2   0.62
3  10.99
4  12.56
5  16
6  -9
;

Text_new [*] :=
1  13.9436
2  14.1026
3  17.6122
4  18.1436
5  19.7492
6   8.11553
;

Tair_in [*] :=
1  13.9464
2  14.1055
3  17.6136
4  18.1448
5  19.7505
6   8.11734
;

Trelease [*] :=
1   9.00559
2   9.27597
3  15.2415
4  16.1447
5  17.7398
6   6.11693
;

Trelease_2 [*] :=
1   9.00459
2   9.27487
3  15.2405
4  16.1437
5  17.7388
6   6.11593
;

Qevap_2 [*] :=
1  0.114386
2  0.125541
3  0.114386
4  0.114386
5  0.114386
6  0.114386
;

Qcond_2 [*] :=
1  0.321493
2  0.332648
3  0.151494
4  0.143074
5  0.140382
6  0.207314
;

COP_2 [*] :=
1  1.5523
2  1.60617
3  4.08245
4  4.98716
5  5.4
6  2.2309
;

TLMCond_2 [*] :=
1  13.945
2  14.1041
3  17.6129
4  18.1442
5  19.7499
6   8.11643
;

TLMEvapHP_2 [*] :=
1   9.00509
2   9.27542
3  15.241
4  16.1442
5  17.7393
6   6.11643
;

TLMCond = 320.181

TLMEvapHP = 277.995

Cost_HP = 1258.06

