SNOPT 7.5-1.2 : major_iterations=10000
SNOPT 7.5-1.2 : Optimal solution found.
773 iterations, objective 780690.2582
Nonlin evals: constrs = 2223, Jac = 2222.
Qrad [*] :=
1  357.011
2  356.966
3  335.209
4  343.393
5  358.101
;

TRadin [*] :=
1  30.9681
2  30.9882
3  38.9762
4  36.3369
5  30.4696
;

TDCout [*] :=
1  33.2553
2  33.2586
3  34.8885
4  34.2754
5  33.1736
;

AHEDC = 202.039

dTLMDC [*] :=
1  11.7803
2  11.7788
3  11.0609
4  11.3309
5  11.8162
;

E [*] :=
1  3034.17
2  2970.91
3   249.356
4   392.611
5  6335.88
;

COP [*] :=
1  4.13625
2  4.13547
3  3.8974
4  3.95614
5  4.15568
;

Qcond [*] :=
1  12550.1
2  12286.1
3    971.841
4   1553.23
5  26329.9
;

TLMCond [*] :=
1  320.683
2  320.694
3  324.814
4  323.457
5  320.425
;

Qevap [*] :=
1   9515.92
2   9315.22
3    722.485
4   1160.62
5  19994
;

TLMEvapHP [*] :=
1  278.042
2  278.043
3  278.977
4  278.488
5  278.017
;

THPin [*] :=
1  7.09334
2  7.09542
3  8.97472
4  7.99185
5  7.04366
;

MassEPFL [*] :=
1  368.774
2  361.231
3   37.3443
4   54.1891
5  762.514
;

MassDC = 13.3488

Qfree [*] :=
1  216.989
2  217.034
3  238.791
4  230.607
5  215.899
;

Flow [*] :=
1   556.156
2   544.15
3    28.9291
4    55.6225
5  1182.9
;

TC = 780690

OPEX = 769387

CAPEX = 11302.8

Qheating [*] :=
1  12907.1
2  12643.1
3   1307.05
4   1896.62
5  26688
;

Qcond [*] :=
1  12550.1
2  12286.1
3    971.841
4   1553.23
5  26329.9
;

Qrad [*] :=
1  357.011
2  356.966
3  335.209
4  343.393
5  358.101
;

