Solution determined by presolve;
objective obj = 796197.4884.
E [*] :=
1  3091.99
2  3028.75
3   313.114
4   454.35
5  5321.06
;

TLMCond [*] :=
1  320.181
2  320.181
3  320.181
4  320.181
5  320.181
;

TLMEvapHP [*] :=
1  277.995
2  277.995
3  277.995
4  277.995
5  277.995
;

Qevap [*] :=
1   9815.11
2   9614.35
3    993.936
4   1442.27
5  16890.9
;

Qcond [*] :=
1  12907.1
2  12643.1
3   1307.05
4   1896.62
5  22212
;

COP [*] :=
1  4.17436
2  4.17436
3  4.17436
4  4.17436
5  4.17436
;

MassEPFL [*] :=
1  368.774
2  361.231
3   37.3443
4   54.1891
5  634.629
;

Flow [*] :=
1   586.186
2   574.197
3    59.3607
4    86.1365
5  1008.78
;

top [*] :=
1  473
2  693
3  535
4  543
5    1
;

Cel = 0.2

OPEX = 796197

Qheating [*] :=
1  12907.1
2  12643.1
3   1307.05
4   1896.62
5  22212
;

